<?xml version="1.0" encoding="UTF-8"?>
<!-- Generated by org.testng.reporters.JUnitXMLReporter -->
<testsuite ignored="2" hostname="DESKTOP-S7SOFT1" failures="0" tests="1" name="Default test" time="20.027" errors="0" timestamp="2022-08-19T15:55:08 IST">
  <testcase classname="com.qa.pagetests.HomePageTest" name="clickonRegister" time="2.03"/>
  <testcase classname="com.qa.pagetests.HomePageTest" name="verifyPageSource" time="0.0">
    <ignored/>
  </testcase> <!-- verifyPageSource -->
  <testcase classname="com.qa.pagetests.HomePageTest" name="verifyHomePageTitle" time="0.0">
    <ignored/>
  </testcase> <!-- verifyHomePageTitle -->
</testsuite> <!-- Default test -->
