<?xml version="1.0" encoding="UTF-8"?>
<testng-results ignored="2" total="3" passed="1" failed="0" skipped="0">
  <reporter-output>
  </reporter-output>
  <suite started-at="2022-08-19T13:49:43 IST" name="Default suite" finished-at="2022-08-19T13:50:01 IST" duration-ms="18387">
    <groups>
    </groups>
    <test started-at="2022-08-19T13:49:43 IST" name="Default test" finished-at="2022-08-19T13:50:01 IST" duration-ms="18387">
      <class name="com.qa.pagetests.HomePageTest">
        <test-method is-config="true" signature="setUp(java.lang.String)[pri:0, instance:com.qa.pagetests.HomePageTest@3d74bf60]" started-at="2022-08-19T13:49:43 IST" name="setUp" finished-at="2022-08-19T13:49:54 IST" duration-ms="11304" status="PASS">
          <params>
            <param index="0">
              <value>
                <![CDATA[chrome]]>
              </value>
            </param>
          </params>
          <reporter-output>
          </reporter-output>
        </test-method> <!-- setUp -->
        <test-method signature="clickonRegister()[pri:2, instance:com.qa.pagetests.HomePageTest@3d74bf60]" started-at="2022-08-19T13:49:54 IST" name="clickonRegister" finished-at="2022-08-19T13:50:01 IST" duration-ms="6768" status="PASS">
          <reporter-output>
          </reporter-output>
        </test-method> <!-- clickonRegister -->
        <test-method is-config="true" signature="tearDown()[pri:0, instance:com.qa.pagetests.HomePageTest@3d74bf60]" started-at="2022-08-19T13:50:01 IST" name="tearDown" finished-at="2022-08-19T13:50:01 IST" duration-ms="267" status="PASS">
          <reporter-output>
          </reporter-output>
        </test-method> <!-- tearDown -->
      </class> <!-- com.qa.pagetests.HomePageTest -->
    </test> <!-- Default test -->
  </suite> <!-- Default suite -->
</testng-results>
